<?xml version="1.0" encoding="UTF-8"?>
<!-- Generated by org.testng.reporters.JUnitReportReporter -->
<testsuite hostname="DESKTOP-A2FI9VO" failures="0" tests="1" name="NewClass.CLassNme" time="0.015" errors="0" timestamp="2022-07-21T12:37:19 IST" skipped="0">
  <testcase classname="NewClass.CLassNme" name="display" time="0.015"/>
  <system-out/>
</testsuite> <!-- NewClass.CLassNme -->
