<?xml version="1.0" encoding="UTF-8"?>
<!-- Generated by org.testng.reporters.JUnitReportReporter -->
<testsuite hostname="DESKTOP-A2FI9VO" failures="0" tests="1" name="NewClass.CLassNmeTest" time="0.012" errors="0" timestamp="2022-07-26T12:48:42 IST" skipped="0">
  <testcase classname="NewClass.CLassNmeTest" name="display" time="0.012"/>
  <system-out/>
</testsuite> <!-- NewClass.CLassNmeTest -->
